<?xml version="1.0" encoding="UTF-8"?>
<testsuites name="Day 3" time="12" tests="1" failures="0" errors="0">
   <testsuite name="Day 3" tests="1" failures="0" errors="0" time="12" timestamp="2018-07-26 15:05:17" hostname="slk - WSLK1FFTRFW-23" id="Test Suites/Day 3">
      <properties>
         <property name="deviceName" value=""/>
         <property name="devicePlatform" value=""/>
         <property name="logFolder" value="C:\\Users\\slk.WSLK1FFTRFW-23.058\\Katalon Studio\\Demo_SLK\\Reports\\Day 3\\20180726_150515"/>
         <property name="logFiles" value="C:\\Users\\slk.WSLK1FFTRFW-23.058\\Katalon Studio\\Demo_SLK\\Reports\\Day 3\\20180726_150515\\execution0.log"/>
         <property name="attachments" value=""/>
         <property name="hostName" value="slk - WSLK1FFTRFW-23"/>
         <property name="os" value="Windows 7 64bit"/>
         <property name="katalonVersion" value="5.5.0.1"/>
         <property name="browser" value="Chrome 67.0.3396.99"/>
         <property name="hostAddress" value="10.10.10.32"/>
         <property name="sessionId" value="e4540fe93aadc57cedf434758a2180ee"/>
         <property name="seleniumVersion" value="3.7.1"/>
         <property name="proxyInformation" value="ProxyInformation{proxyOption=NO_PROXY, proxyServerType=HTTP, password=, proxyServerAddress=, proxyServerPort=0}"/>
         <property name="platform" value="Windows 7"/>
      </properties>
      <testcase name="Test Cases/Day3/Test 2" classname="Test Cases/Day3/Test 2" status="PASSED">
         <system-out><![CDATA[2018-07-26 15:05:17 - [TEST_CASE][PASSED] - Test Cases/Day3/Test 2: Test Cases/Day3/Test 2

2018-07-26 15:05:17 - [TEST_STEP][PASSED] - openBrowser: Browser is opened with url: ''

2018-07-26 15:05:20 - [MESSAGE][PASSED] - Browser is opened with url: ''

2018-07-26 15:05:20 - [TEST_STEP][PASSED] - navigateToUrl: Navigate to 'https://opensource-demo.orangehrmlive.com/index.php/auth/login' successfully

2018-07-26 15:05:25 - [MESSAGE][PASSED] - Navigate to 'https://opensource-demo.orangehrmlive.com/index.php/auth/login' successfully

2018-07-26 15:05:25 - [TEST_STEP][PASSED] - setText: Text 'Admin' is set on object 'Object Repository/Page_OrangeHRM/input_txtUsername'

2018-07-26 15:05:25 - [MESSAGE][PASSED] - Text 'Admin' is set on object 'Object Repository/Page_OrangeHRM/input_txtUsername'

2018-07-26 15:05:25 - [TEST_STEP][PASSED] - setText: Text 'admin123' is set on object 'Object Repository/Page_OrangeHRM/input_txtPassword'

2018-07-26 15:05:25 - [MESSAGE][PASSED] - Text 'admin123' is set on object 'Object Repository/Page_OrangeHRM/input_txtPassword'

2018-07-26 15:05:25 - [TEST_STEP][PASSED] - click: Object: 'Object Repository/Page_OrangeHRM/input_Submit' is clicked on

2018-07-26 15:05:29 - [MESSAGE][PASSED] - Object: 'Object Repository/Page_OrangeHRM/input_Submit' is clicked on

2018-07-26 15:05:29 - [TEST_STEP][PASSED] - closeBrowser: Browser is closed

2018-07-26 15:05:30 - [MESSAGE][PASSED] - Browser is closed]]></system-out>
         <system-err><![CDATA[]]></system-err>
      </testcase>
      <system-out><![CDATA[2018-07-26 15:05:17 - [TEST_SUITE][PASSED] - Day 3: Test Cases/Day3/Test 2]]></system-out>
      <system-err><![CDATA[]]></system-err>
   </testsuite>
</testsuites>
