<?xml version="1.0" encoding="UTF-8"?>
<testsuites name="Test Suite 1" time="3" tests="0" failures="1" errors="0">
   <testsuite name="Test Suite 1" tests="0" failures="1" errors="0" time="3" timestamp="2018-07-25 11:00:56" hostname="slk - WSLK1FFTRFW-23" id="Test Suites/Day 2/Test Suite 1">
      <properties>
         <property name="deviceName" value=""/>
         <property name="devicePlatform" value=""/>
         <property name="logFolder" value="C:\\Users\\slk.WSLK1FFTRFW-23.058\\Katalon Studio\\Demo_SLK\\Reports\\Day 2\\Test Suite 1\\20180725_110054"/>
         <property name="logFiles" value="C:\\Users\\slk.WSLK1FFTRFW-23.058\\Katalon Studio\\Demo_SLK\\Reports\\Day 2\\Test Suite 1\\20180725_110054\\execution0.log, C:\\Users\\slk.WSLK1FFTRFW-23.058\\Katalon Studio\\Demo_SLK\\Reports\\Day 2\\Test Suite 1\\20180725_110054\\IEDriverServer.log"/>
         <property name="attachments" value=""/>
         <property name="hostName" value="slk - WSLK1FFTRFW-23"/>
         <property name="hostAddress" value="10.10.10.32"/>
         <property name="os" value="Windows 7 64bit"/>
         <property name="katalonVersion" value="5.5.0.1"/>
      </properties>
      <testcase name="Test Cases/Day 2/Test 2" classname="Test Cases/Day 2/Test 2" status="FAILED">
         <failure type="FAILED" message="Unable to open browser with url: '' (Root cause: org.openqa.selenium.SessionNotCreatedException: Unexpected error launching Internet Explorer. Protected Mode settings are not the same for all zones. Enable Protected Mode must be set to the same value (enabled or disabled) for all zones.
Build info: version: '3.7.1', revision: '8a0099a', time: '2017-11-06T21:07:36.161Z'
System info: host: 'WSLK1FFTRFW-23', ip: '10.10.10.32', os.name: 'Windows 7', os.arch: 'amd64', os.version: '6.1', java.version: '1.8.0_102'
Driver info: driver.version: CInternetExplorerDriver
remote stacktrace: )"/>
         <system-out><![CDATA[2018-07-25 11:00:57 - [TEST_CASE][FAILED] - Test Cases/Day 2/Test 2: Test Cases/Day 2/Test 2 FAILED because (of) Unable to open browser with url: '' (Root cause: org.openqa.selenium.SessionNotCreatedException: Unexpected error launching Internet Explorer. Protected Mode settings are not the same for all zones. Enable Protected Mode must be set to the same value (enabled or disabled) for all zones.
Build info: version: '3.7.1', revision: '8a0099a', time: '2017-11-06T21:07:36.161Z'
System info: host: 'WSLK1FFTRFW-23', ip: '10.10.10.32', os.name: 'Windows 7', os.arch: 'amd64', os.version: '6.1', java.version: '1.8.0_102'
Driver info: driver.version: CInternetExplorerDriver
remote stacktrace: )

2018-07-25 11:00:57 - [TEST_STEP][FAILED] - openBrowser: Unable to open browser with url: '' (Root cause: org.openqa.selenium.SessionNotCreatedException: Unexpected error launching Internet Explorer. Protected Mode settings are not the same for all zones. Enable Protected Mode must be set to the same value (enabled or disabled) for all zones.
Build info: version: '3.7.1', revision: '8a0099a', time: '2017-11-06T21:07:36.161Z'
System info: host: 'WSLK1FFTRFW-23', ip: '10.10.10.32', os.name: 'Windows 7', os.arch: 'amd64', os.version: '6.1', java.version: '1.8.0_102'
Driver info: driver.version: CInternetExplorerDriver
remote stacktrace: )

2018-07-25 11:00:59 - [MESSAGE][FAILED] - Unable to open browser with url: '' (Root cause: org.openqa.selenium.SessionNotCreatedException: Unexpected error launching Internet Explorer. Protected Mode settings are not the same for all zones. Enable Protected Mode must be set to the same value (enabled or disabled) for all zones.
Build info: version: '3.7.1', revision: '8a0099a', time: '2017-11-06T21:07:36.161Z'
System info: host: 'WSLK1FFTRFW-23', ip: '10.10.10.32', os.name: 'Windows 7', os.arch: 'amd64', os.version: '6.1', java.version: '1.8.0_102'
Driver info: driver.version: CInternetExplorerDriver
remote stacktrace: )]]></system-out>
         <system-err><![CDATA[2018-07-25 11:00:57 - [TEST_CASE][FAILED] - Test Cases/Day 2/Test 2: Test Cases/Day 2/Test 2 FAILED because (of) Unable to open browser with url: '' (Root cause: org.openqa.selenium.SessionNotCreatedException: Unexpected error launching Internet Explorer. Protected Mode settings are not the same for all zones. Enable Protected Mode must be set to the same value (enabled or disabled) for all zones.
Build info: version: '3.7.1', revision: '8a0099a', time: '2017-11-06T21:07:36.161Z'
System info: host: 'WSLK1FFTRFW-23', ip: '10.10.10.32', os.name: 'Windows 7', os.arch: 'amd64', os.version: '6.1', java.version: '1.8.0_102'
Driver info: driver.version: CInternetExplorerDriver
remote stacktrace: )]]></system-err>
      </testcase>
      <system-out><![CDATA[2018-07-25 11:00:56 - [TEST_SUITE][FAILED] - Test Suite 1: Test Cases/Day 2/Test 2 FAILED because (of) Unable to open browser with url: '' (Root cause: org.openqa.selenium.SessionNotCreatedException: Unexpected error launching Internet Explorer. Protected Mode settings are not the same for all zones. Enable Protected Mode must be set to the same value (enabled or disabled) for all zones.
Build info: version: '3.7.1', revision: '8a0099a', time: '2017-11-06T21:07:36.161Z'
System info: host: 'WSLK1FFTRFW-23', ip: '10.10.10.32', os.name: 'Windows 7', os.arch: 'amd64', os.version: '6.1', java.version: '1.8.0_102'
Driver info: driver.version: CInternetExplorerDriver
remote stacktrace: )]]></system-out>
      <system-err><![CDATA[2018-07-25 11:00:56 - [TEST_SUITE][FAILED] - Test Suite 1: Test Cases/Day 2/Test 2 FAILED because (of) Unable to open browser with url: '' (Root cause: org.openqa.selenium.SessionNotCreatedException: Unexpected error launching Internet Explorer. Protected Mode settings are not the same for all zones. Enable Protected Mode must be set to the same value (enabled or disabled) for all zones.
Build info: version: '3.7.1', revision: '8a0099a', time: '2017-11-06T21:07:36.161Z'
System info: host: 'WSLK1FFTRFW-23', ip: '10.10.10.32', os.name: 'Windows 7', os.arch: 'amd64', os.version: '6.1', java.version: '1.8.0_102'
Driver info: driver.version: CInternetExplorerDriver
remote stacktrace: )]]></system-err>
   </testsuite>
</testsuites>
