<?xml version="1.0" encoding="UTF-8"?>
<testsuites name="Day 3" time="0" tests="0" failures="0" errors="0">
   <testsuite name="Day 3" tests="0" failures="0" errors="0" time="0" timestamp="2018-07-26 12:50:55" hostname="slk - WSLK1FFTRFW-23" id="Test Suites/Day 3">
      <properties>
         <property name="deviceName" value=""/>
         <property name="devicePlatform" value=""/>
         <property name="logFolder" value="C:\\Users\\slk.WSLK1FFTRFW-23.058\\Katalon Studio\\Demo_SLK\\Reports\\Day 3\\20180726_125053"/>
         <property name="logFiles" value="C:\\Users\\slk.WSLK1FFTRFW-23.058\\Katalon Studio\\Demo_SLK\\Reports\\Day 3\\20180726_125053\\execution0.log"/>
         <property name="attachments" value=""/>
         <property name="hostName" value="slk - WSLK1FFTRFW-23"/>
         <property name="hostAddress" value="10.10.10.32"/>
         <property name="os" value="Windows 7 64bit"/>
         <property name="katalonVersion" value="5.5.0.1"/>
      </properties>
      <system-out><![CDATA[2018-07-26 12:50:55 - [TEST_SUITE][PASSED] - Day 3: null]]></system-out>
      <system-err><![CDATA[]]></system-err>
   </testsuite>
</testsuites>
