<?xml version="1.0" encoding="UTF-8"?>
<testsuites name="OrangeHRM" time="70" tests="1" failures="2" errors="0">
   <testsuite name="OrangeHRM" tests="1" failures="2" errors="0" time="70" timestamp="2018-07-24 16:19:33" hostname="slk - WSLK1FFTRFW-23" id="Test Suites/OrangeHRM">
      <properties>
         <property name="deviceName" value=""/>
         <property name="devicePlatform" value=""/>
         <property name="logFolder" value="C:\\Users\\slk.WSLK1FFTRFW-23.058\\Katalon Studio\\Demo_SLK\\Reports\\OrangeHRM\\20180724_161932"/>
         <property name="logFiles" value="C:\\Users\\slk.WSLK1FFTRFW-23.058\\Katalon Studio\\Demo_SLK\\Reports\\OrangeHRM\\20180724_161932\\execution0.log"/>
         <property name="attachments" value="C:\\Users\\slk.WSLK1FFTRFW-23.058\\Katalon Studio\\Demo_SLK\\Reports\\OrangeHRM\\20180724_161932\\1532429394356.png, C:\\Users\\slk.WSLK1FFTRFW-23.058\\Katalon Studio\\Demo_SLK\\Reports\\OrangeHRM\\20180724_161932\\1532429394656.png, C:\\Users\\slk.WSLK1FFTRFW-23.058\\Katalon Studio\\Demo_SLK\\Reports\\OrangeHRM\\20180724_161932\\1532429443095.png"/>
         <property name="hostName" value="slk - WSLK1FFTRFW-23"/>
         <property name="os" value="Windows 7 64bit"/>
         <property name="katalonVersion" value="5.5.0.1"/>
         <property name="browser" value="Chrome 67.0.3396.99"/>
         <property name="hostAddress" value="10.10.10.32"/>
         <property name="sessionId" value="f82df0cce6a31bd98d4f418d3559ec41"/>
         <property name="seleniumVersion" value="3.7.1"/>
         <property name="proxyInformation" value="ProxyInformation{proxyOption=NO_PROXY, proxyServerType=HTTP, password=, proxyServerAddress=, proxyServerPort=0}"/>
         <property name="platform" value="Windows 7"/>
      </properties>
      <testcase name="Test Cases/OrangeHRM Login/Login - Orange HRM" classname="Test Cases/OrangeHRM Login/Login - Orange HRM" status="PASSED">
         <system-out><![CDATA[2018-07-24 16:19:33 - [TEST_CASE][PASSED] - Test Cases/OrangeHRM Login/Login - Orange HRM: Test Cases/OrangeHRM Login/Login - Orange HRM

2018-07-24 16:19:33 - [TEST_STEP][PASSED] - openBrowser: Browser is opened with url: ''

2018-07-24 16:19:36 - [MESSAGE][PASSED] - Browser is opened with url: ''

2018-07-24 16:19:36 - [TEST_STEP][PASSED] - navigateToUrl: Navigate to 'https://opensource-demo.orangehrmlive.com/index.php/auth/login' successfully

2018-07-24 16:19:41 - [MESSAGE][PASSED] - Navigate to 'https://opensource-demo.orangehrmlive.com/index.php/auth/login' successfully

2018-07-24 16:19:41 - [TEST_STEP][PASSED] - setText: Text 'Admin' is set on object 'Object Repository/Page_OrangeHRM/input_txtUsername'

2018-07-24 16:19:41 - [MESSAGE][PASSED] - Text 'Admin' is set on object 'Object Repository/Page_OrangeHRM/input_txtUsername'

2018-07-24 16:19:41 - [TEST_STEP][PASSED] - setEncryptedText: Text ****** has been set on object 'Object Repository/Page_OrangeHRM/input_txtPassword'

2018-07-24 16:19:41 - [MESSAGE][PASSED] - Text ****** has been set on object 'Object Repository/Page_OrangeHRM/input_txtPassword'

2018-07-24 16:19:41 - [TEST_STEP][PASSED] - click: Object: 'Object Repository/Page_OrangeHRM/input_Submit' is clicked on

2018-07-24 16:19:43 - [MESSAGE][PASSED] - Object: 'Object Repository/Page_OrangeHRM/input_Submit' is clicked on]]></system-out>
         <system-err><![CDATA[]]></system-err>
      </testcase>
      <testcase name="Test Cases/ValidateLinks/ValidateLinks" classname="Test Cases/ValidateLinks/ValidateLinks" status="FAILED">
         <failure type="FAILED" message="Unable to verify object 'Object Repository/Page_OrangeHRM/b_Admin' is present (Root cause: com.kms.katalon.core.webui.exception.WebElementNotFoundException: Web element with id: 'Object Repository/Page_OrangeHRM/b_Admin' located by 'By.xpath: //b[(text() = 'Admin' or . = 'Admin')]' not found)"/>
         <system-out><![CDATA[2018-07-24 16:19:43 - [TEST_CASE][FAILED] - Test Cases/ValidateLinks/ValidateLinks: Test Cases/ValidateLinks/ValidateLinks FAILED because (of) Unable to verify object 'Object Repository/Page_OrangeHRM/b_Admin' is present (Root cause: com.kms.katalon.core.webui.exception.WebElementNotFoundException: Web element with id: 'Object Repository/Page_OrangeHRM/b_Admin' located by 'By.xpath: //b[(text() = 'Admin' or . = 'Admin')]' not found)

2018-07-24 16:19:44 - [TEST_STEP][FAILED] - verifyElementPresent: Unable to verify object 'Object Repository/Page_OrangeHRM/b_Admin' is present (Root cause: com.kms.katalon.core.webui.exception.WebElementNotFoundException: Web element with id: 'Object Repository/Page_OrangeHRM/b_Admin' located by 'By.xpath: //b[(text() = 'Admin' or . = 'Admin')]' not found)

2018-07-24 16:19:54 - [MESSAGE][FAILED] - com.kms.katalon.core.webui.exception.WebElementNotFoundException: Web element with id: 'Object Repository/Page_OrangeHRM/b_Admin' located by 'By.xpath: //b[(text() = 'Admin' or . = 'Admin')]' not found
[[ATTACHMENT|C:\\Users\\slk.WSLK1FFTRFW-23.058\\Katalon Studio\\Demo_SLK\\Reports\\OrangeHRM\\20180724_161932\\1532429394356.png]]

2018-07-24 16:19:54 - [MESSAGE][FAILED] - Unable to verify object 'Object Repository/Page_OrangeHRM/b_Admin' is present (Root cause: com.kms.katalon.core.webui.exception.WebElementNotFoundException: Web element with id: 'Object Repository/Page_OrangeHRM/b_Admin' located by 'By.xpath: //b[(text() = 'Admin' or . = 'Admin')]' not found)
[[ATTACHMENT|C:\\Users\\slk.WSLK1FFTRFW-23.058\\Katalon Studio\\Demo_SLK\\Reports\\OrangeHRM\\20180724_161932\\1532429394656.png]]]]></system-out>
         <system-err><![CDATA[2018-07-24 16:19:43 - [TEST_CASE][FAILED] - Test Cases/ValidateLinks/ValidateLinks: Test Cases/ValidateLinks/ValidateLinks FAILED because (of) Unable to verify object 'Object Repository/Page_OrangeHRM/b_Admin' is present (Root cause: com.kms.katalon.core.webui.exception.WebElementNotFoundException: Web element with id: 'Object Repository/Page_OrangeHRM/b_Admin' located by 'By.xpath: //b[(text() = 'Admin' or . = 'Admin')]' not found)]]></system-err>
      </testcase>
      <testcase name="Test Cases/ValidateLinks/EditValues" classname="Test Cases/ValidateLinks/EditValues" status="FAILED">
         <failure type="FAILED" message="Unable to click on object 'Object Repository/Page_OrangeHRM/a_Employee List' (Root cause: com.kms.katalon.core.webui.exception.WebElementNotFoundException: Web element with id: 'Object Repository/Page_OrangeHRM/a_Employee List' located by 'By.xpath: //a[@href = '/index.php/pim/viewEmployeeList/reset/1' and @id = 'menu_pim_viewEmployeeList' and (text() = 'Employee List' or . = 'Employee List')]' not found)"/>
         <system-out><![CDATA[2018-07-24 16:19:54 - [TEST_CASE][FAILED] - Test Cases/ValidateLinks/EditValues: Test Cases/ValidateLinks/EditValues FAILED because (of) Unable to click on object 'Object Repository/Page_OrangeHRM/a_Employee List' (Root cause: com.kms.katalon.core.webui.exception.WebElementNotFoundException: Web element with id: 'Object Repository/Page_OrangeHRM/a_Employee List' located by 'By.xpath: //a[@href = '/index.php/pim/viewEmployeeList/reset/1' and @id = 'menu_pim_viewEmployeeList' and (text() = 'Employee List' or . = 'Employee List')]' not found)

2018-07-24 16:19:55 - [TEST_STEP][PASSED] - callTestCase: Call Test Case 'Test Cases/OrangeHRM Login/Login - Orange HRM' successfully

2018-07-24 16:19:55 - [TEST_CASE][PASSED] - Test Cases/OrangeHRM Login/Login - Orange HRM: Test Cases/OrangeHRM Login/Login - Orange HRM

2018-07-24 16:19:55 - [TEST_STEP][PASSED] - openBrowser: Browser is opened with url: ''

2018-07-24 16:19:55 - [MESSAGE][WARNING] - A browser is already opened. Closing browser and opening a new one

2018-07-24 16:19:57 - [MESSAGE][PASSED] - Browser is opened with url: ''

2018-07-24 16:19:57 - [TEST_STEP][PASSED] - navigateToUrl: Navigate to 'https://opensource-demo.orangehrmlive.com/index.php/auth/login' successfully

2018-07-24 16:20:02 - [MESSAGE][PASSED] - Navigate to 'https://opensource-demo.orangehrmlive.com/index.php/auth/login' successfully

2018-07-24 16:20:02 - [TEST_STEP][PASSED] - setText: Text 'Admin' is set on object 'Object Repository/Page_OrangeHRM/input_txtUsername'

2018-07-24 16:20:02 - [MESSAGE][PASSED] - Text 'Admin' is set on object 'Object Repository/Page_OrangeHRM/input_txtUsername'

2018-07-24 16:20:02 - [TEST_STEP][PASSED] - setEncryptedText: Text ****** has been set on object 'Object Repository/Page_OrangeHRM/input_txtPassword'

2018-07-24 16:20:02 - [MESSAGE][PASSED] - Text ****** has been set on object 'Object Repository/Page_OrangeHRM/input_txtPassword'

2018-07-24 16:20:02 - [TEST_STEP][PASSED] - click: Object: 'Object Repository/Page_OrangeHRM/input_Submit' is clicked on

2018-07-24 16:20:05 - [MESSAGE][PASSED] - Object: 'Object Repository/Page_OrangeHRM/input_Submit' is clicked on

2018-07-24 16:20:05 - [MESSAGE][PASSED] - Call Test Case 'Test Cases/OrangeHRM Login/Login - Orange HRM' successfully

2018-07-24 16:20:05 - [TEST_STEP][PASSED] - openBrowser: Browser is opened with url: ''

2018-07-24 16:20:05 - [MESSAGE][WARNING] - A browser is already opened. Closing browser and opening a new one

2018-07-24 16:20:07 - [MESSAGE][PASSED] - Browser is opened with url: ''

2018-07-24 16:20:07 - [TEST_STEP][PASSED] - navigateToUrl: Navigate to 'https://opensource-demo.orangehrmlive.com/index.php/dashboard' successfully

2018-07-24 16:20:12 - [MESSAGE][PASSED] - Navigate to 'https://opensource-demo.orangehrmlive.com/index.php/dashboard' successfully

2018-07-24 16:20:12 - [TEST_STEP][FAILED] - click: Unable to click on object 'Object Repository/Page_OrangeHRM/a_Employee List' (Root cause: com.kms.katalon.core.webui.exception.WebElementNotFoundException: Web element with id: 'Object Repository/Page_OrangeHRM/a_Employee List' located by 'By.xpath: //a[@href = '/index.php/pim/viewEmployeeList/reset/1' and @id = 'menu_pim_viewEmployeeList' and (text() = 'Employee List' or . = 'Employee List')]' not found)

2018-07-24 16:20:43 - [MESSAGE][FAILED] - Unable to click on object 'Object Repository/Page_OrangeHRM/a_Employee List' (Root cause: com.kms.katalon.core.webui.exception.WebElementNotFoundException: Web element with id: 'Object Repository/Page_OrangeHRM/a_Employee List' located by 'By.xpath: //a[@href = '/index.php/pim/viewEmployeeList/reset/1' and @id = 'menu_pim_viewEmployeeList' and (text() = 'Employee List' or . = 'Employee List')]' not found)
[[ATTACHMENT|C:\\Users\\slk.WSLK1FFTRFW-23.058\\Katalon Studio\\Demo_SLK\\Reports\\OrangeHRM\\20180724_161932\\1532429443095.png]]]]></system-out>
         <system-err><![CDATA[2018-07-24 16:19:54 - [TEST_CASE][FAILED] - Test Cases/ValidateLinks/EditValues: Test Cases/ValidateLinks/EditValues FAILED because (of) Unable to click on object 'Object Repository/Page_OrangeHRM/a_Employee List' (Root cause: com.kms.katalon.core.webui.exception.WebElementNotFoundException: Web element with id: 'Object Repository/Page_OrangeHRM/a_Employee List' located by 'By.xpath: //a[@href = '/index.php/pim/viewEmployeeList/reset/1' and @id = 'menu_pim_viewEmployeeList' and (text() = 'Employee List' or . = 'Employee List')]' not found)]]></system-err>
      </testcase>
      <system-out><![CDATA[2018-07-24 16:19:33 - [TEST_SUITE][FAILED] - OrangeHRM: Test Cases/ValidateLinks/ValidateLinks FAILED because (of) Unable to verify object 'Object Repository/Page_OrangeHRM/b_Admin' is present (Root cause: com.kms.katalon.core.webui.exception.WebElementNotFoundException: Web element with id: 'Object Repository/Page_OrangeHRM/b_Admin' located by 'By.xpath: //b[(text() = 'Admin' or . = 'Admin')]' not found)]]></system-out>
      <system-err><![CDATA[2018-07-24 16:19:33 - [TEST_SUITE][FAILED] - OrangeHRM: Test Cases/ValidateLinks/ValidateLinks FAILED because (of) Unable to verify object 'Object Repository/Page_OrangeHRM/b_Admin' is present (Root cause: com.kms.katalon.core.webui.exception.WebElementNotFoundException: Web element with id: 'Object Repository/Page_OrangeHRM/b_Admin' located by 'By.xpath: //b[(text() = 'Admin' or . = 'Admin')]' not found)]]></system-err>
   </testsuite>
</testsuites>
